18.05.2022 16:21:57	This log contains information about the import schema operation into project 'Database1' on computer 'DESKTOP-9G99FJ2' by user 'yuzef'.
18.05.2022 16:21:58	Import of database schema has started.
18.05.2022 16:22:12	Gathering database credentials
18.05.2022 16:22:12	Gathering database options
18.05.2022 16:22:12	Gathering generic database scoped configuration option
18.05.2022 16:22:12	Gathering users
18.05.2022 16:22:12	Gathering roles
18.05.2022 16:22:12	Gathering application roles
18.05.2022 16:22:12	Gathering role memberships
18.05.2022 16:22:12	Gathering filegroups
18.05.2022 16:22:12	Gathering full-text catalogs
18.05.2022 16:22:12	Gathering assemblies
18.05.2022 16:22:12	Gathering certificates
18.05.2022 16:22:12	Gathering asymmetric keys
18.05.2022 16:22:12	Gathering symmetric keys
18.05.2022 16:22:12	Gathering encrypted symmetric keys
18.05.2022 16:22:12	Gathering schemas
18.05.2022 16:22:12	Gathering XML schema collections
18.05.2022 16:22:12	Gathering user-defined data types
18.05.2022 16:22:12	Gathering user-defined types
18.05.2022 16:22:12	Gathering table types
18.05.2022 16:22:12	Gathering unique keys for table types
18.05.2022 16:22:12	Gathering primary keys for table types
18.05.2022 16:22:12	Gathering indexes for table types
18.05.2022 16:22:14	Gathering check constraints for table types
18.05.2022 16:22:14	Gathering default constraints for table types
18.05.2022 16:22:14	Gathering partition functions
18.05.2022 16:22:14	Gathering partition schemes
18.05.2022 16:22:14	Gathering functions
18.05.2022 16:22:14	Gathering encrypted functions
18.05.2022 16:22:14	Gathering aggregates
18.05.2022 16:22:14	Gathering procedures
18.05.2022 16:22:14	Gathering encrypted procedures
18.05.2022 16:22:14	Gathering tables
18.05.2022 16:22:14	Gathering primary keys
18.05.2022 16:22:14	Gathering unique constraints
18.05.2022 16:22:14	Gathering foreign keys
18.05.2022 16:22:15	Gathering default constraints
18.05.2022 16:22:15	Gathering check constraints
18.05.2022 16:22:15	Gathering views
18.05.2022 16:22:15	Gathering encrypted views
18.05.2022 16:22:15	Gathering indexes
18.05.2022 16:22:15	Gathering statistics
18.05.2022 16:22:15	Gathering full-text index stoplists
18.05.2022 16:22:15	Gathering search property lists
18.05.2022 16:22:15	Gathering search properties
18.05.2022 16:22:15	Gathering full-text indexes
18.05.2022 16:22:15	Gathering column store indexes
18.05.2022 16:22:15	Gathering spatial indexes
18.05.2022 16:22:15	Gathering XML indexes
18.05.2022 16:22:15	Gathering Selective XML indexes
18.05.2022 16:22:15	Gathering encrypted triggers
18.05.2022 16:22:15	Gathering triggers
18.05.2022 16:22:15	Gathering encrypted and clr ddl triggers
18.05.2022 16:22:15	Gathering ddl triggers
18.05.2022 16:22:15	Creating edge constraints
18.05.2022 16:22:15	Gathering synonyms
18.05.2022 16:22:15	Gathering defaults
18.05.2022 16:22:15	Gathering data constraint uddt bindings
18.05.2022 16:22:15	Gathering rules
18.05.2022 16:22:15	Gathering data constraint uddt bindings
18.05.2022 16:22:15	Gathering message types
18.05.2022 16:22:15	Gathering queues
18.05.2022 16:22:15	Gathering contracts
18.05.2022 16:22:15	Gathering services
18.05.2022 16:22:15	Gathering event notifications
18.05.2022 16:22:15	Gathering remote service bindings
18.05.2022 16:22:15	Gathering broker priorities
18.05.2022 16:22:15	Gathering signatures
18.05.2022 16:22:15	Gathering data compression options
18.05.2022 16:22:15	Gathering sequence types
18.05.2022 16:22:15	Gathering security policies
18.05.2022 16:22:15	Gather column encryption keys
18.05.2022 16:22:15	Gathering column master keys
18.05.2022 16:22:15	Gathering external data sources
18.05.2022 16:22:15	Gathering external file formats
18.05.2022 16:22:15	Gathering external tables
18.05.2022 16:22:15	Gathering extended properties
18.05.2022 16:22:15	Gathering assemblies
18.05.2022 16:22:16	Gathering credentials
18.05.2022 16:22:16	Gathering logins
18.05.2022 16:22:16	Gathering server audits
18.05.2022 16:22:17	Scanning project for duplicate elements
18.05.2022 16:22:18	Finished duplicate element processing
18.05.2022 16:22:20	Finished importing database.
18.05.2022 16:22:20	A summary of the import was saved to the following location: C:\Users\yuzef\source\repos\ChatApp\Database1\Import Schema Logs\Database1_20220518012157.log
18.05.2022 16:22:20	Click Finish to continue...
