18.05.2022 16:34:53	This log contains information about the import schema operation into project 'ChatApp.Database' on computer 'DESKTOP-9G99FJ2' by user 'yuzef'.
18.05.2022 16:34:54	Import of database schema has started.
18.05.2022 16:35:03	Gathering database credentials
18.05.2022 16:35:03	Gathering database options
18.05.2022 16:35:04	Gathering generic database scoped configuration option
18.05.2022 16:35:04	Gathering users
18.05.2022 16:35:04	Gathering roles
18.05.2022 16:35:04	Gathering application roles
18.05.2022 16:35:04	Gathering role memberships
18.05.2022 16:35:04	Gathering filegroups
18.05.2022 16:35:04	Gathering full-text catalogs
18.05.2022 16:35:04	Gathering assemblies
18.05.2022 16:35:04	Gathering certificates
18.05.2022 16:35:04	Gathering asymmetric keys
18.05.2022 16:35:04	Gathering symmetric keys
18.05.2022 16:35:04	Gathering encrypted symmetric keys
18.05.2022 16:35:04	Gathering schemas
18.05.2022 16:35:04	Gathering XML schema collections
18.05.2022 16:35:04	Gathering user-defined data types
18.05.2022 16:35:04	Gathering user-defined types
18.05.2022 16:35:04	Gathering table types
18.05.2022 16:35:04	Gathering unique keys for table types
18.05.2022 16:35:04	Gathering primary keys for table types
18.05.2022 16:35:04	Gathering indexes for table types
18.05.2022 16:35:05	Gathering check constraints for table types
18.05.2022 16:35:05	Gathering default constraints for table types
18.05.2022 16:35:05	Gathering partition functions
18.05.2022 16:35:05	Gathering partition schemes
18.05.2022 16:35:05	Gathering functions
18.05.2022 16:35:05	Gathering encrypted functions
18.05.2022 16:35:05	Gathering aggregates
18.05.2022 16:35:05	Gathering procedures
18.05.2022 16:35:05	Gathering encrypted procedures
18.05.2022 16:35:05	Gathering tables
18.05.2022 16:35:05	Gathering primary keys
18.05.2022 16:35:05	Gathering unique constraints
18.05.2022 16:35:05	Gathering foreign keys
18.05.2022 16:35:05	Gathering default constraints
18.05.2022 16:35:05	Gathering check constraints
18.05.2022 16:35:05	Gathering views
18.05.2022 16:35:05	Gathering encrypted views
18.05.2022 16:35:05	Gathering indexes
18.05.2022 16:35:05	Gathering statistics
18.05.2022 16:35:05	Gathering full-text index stoplists
18.05.2022 16:35:05	Gathering search property lists
18.05.2022 16:35:05	Gathering search properties
18.05.2022 16:35:05	Gathering full-text indexes
18.05.2022 16:35:05	Gathering column store indexes
18.05.2022 16:35:05	Gathering spatial indexes
18.05.2022 16:35:05	Gathering XML indexes
18.05.2022 16:35:05	Gathering Selective XML indexes
18.05.2022 16:35:05	Gathering encrypted triggers
18.05.2022 16:35:05	Gathering triggers
18.05.2022 16:35:05	Gathering encrypted and clr ddl triggers
18.05.2022 16:35:05	Gathering ddl triggers
18.05.2022 16:35:05	Creating edge constraints
18.05.2022 16:35:05	Gathering synonyms
18.05.2022 16:35:05	Gathering defaults
18.05.2022 16:35:05	Gathering data constraint uddt bindings
18.05.2022 16:35:05	Gathering rules
18.05.2022 16:35:05	Gathering data constraint uddt bindings
18.05.2022 16:35:05	Gathering message types
18.05.2022 16:35:05	Gathering queues
18.05.2022 16:35:05	Gathering contracts
18.05.2022 16:35:05	Gathering services
18.05.2022 16:35:05	Gathering event notifications
18.05.2022 16:35:05	Gathering remote service bindings
18.05.2022 16:35:05	Gathering broker priorities
18.05.2022 16:35:05	Gathering signatures
18.05.2022 16:35:05	Gathering data compression options
18.05.2022 16:35:05	Gathering sequence types
18.05.2022 16:35:05	Gathering security policies
18.05.2022 16:35:05	Gather column encryption keys
18.05.2022 16:35:05	Gathering column master keys
18.05.2022 16:35:06	Gathering external data sources
18.05.2022 16:35:06	Gathering external file formats
18.05.2022 16:35:06	Gathering external tables
18.05.2022 16:35:06	Gathering extended properties
18.05.2022 16:35:06	Gathering assemblies
18.05.2022 16:35:06	Gathering credentials
18.05.2022 16:35:06	Gathering logins
18.05.2022 16:35:06	Gathering server audits
18.05.2022 16:35:07	Scanning project for duplicate elements
18.05.2022 16:35:07	Finished duplicate element processing
18.05.2022 16:35:08	Finished importing database.
18.05.2022 16:35:08	A summary of the import was saved to the following location: C:\Users\yuzef\source\repos\ChatApp\ChatApp.Database\Import Schema Logs\ChatApp.Database_20220518013453.log
18.05.2022 16:35:08	Click Finish to continue...
